<html>
<head>
<title>TestNG:  Test</title>
<link href="../testng.css" rel="stylesheet" type="text/css" />
<link href="../my-testng.css" rel="stylesheet" type="text/css" />

<style type="text/css">
.log { display: none;} 
.stack-trace { display: none;} 
</style>
<script type="text/javascript">
<!--
function flip(e) {
  current = e.style.display;
  if (current == 'block') {
    e.style.display = 'none';
    return 0;
  }
  else {
    e.style.display = 'block';
    return 1;
  }
}

function toggleBox(szDivId, elem, msg1, msg2)
{
  var res = -1;  if (document.getElementById) {
    res = flip(document.getElementById(szDivId));
  }
  else if (document.all) {
    // this is the way old msie versions work
    res = flip(document.all[szDivId]);
  }
  if(elem) {
    if(res == 0) elem.innerHTML = msg1; else elem.innerHTML = msg2;
  }

}

function toggleAllBoxes() {
  if (document.getElementsByTagName) {
    d = document.getElementsByTagName('div');
    for (i = 0; i < d.length; i++) {
      if (d[i].className == 'log') {
        flip(d[i]);
      }
    }
  }
}

// -->
</script>

</head>
<body>
<h2 align='center'>Test</h2><table border='1' align="center">
<tr>
<td>Tests passed/Failed/Skipped:</td><td>3/1/0</td>
</tr><tr>
<td>Started on:</td><td>Wed Dec 10 17:48:23 IST 2025</td>
</tr>
<tr><td>Total time:</td><td>59 seconds (59768 ms)</td>
</tr><tr>
<td>Included groups:</td><td></td>
</tr><tr>
<td>Excluded groups:</td><td></td>
</tr>
</table><p/>
<small><i>(Hover the method name to see the test class name)</i></small><p/>
<table width='100%' border='1' class='invocation-failed'>
<tr><td colspan='4' align='center'><b>FAILED TESTS</b></td></tr>
<tr><td><b>Test method</b></td>
<td><b>Attribute(s)</b></td>
<td width="30%"><b>Exception</b></td>
<td width="10%"><b>Time (seconds)</b></td>
<td><b>Instance</b></td>
</tr>
<tr>
<td title='com.amazon.runner.TestRunner.runScenario()'><b>runScenario</b><br>Test class: com.amazon.runner.TestRunner<br>Test method: Runs Cucumber Scenarios<br>Parameters: "Successful login with valid credentials", "Amazon Login Functionality"</td>
<td><div><pre>org.openqa.selenium.TimeoutException: Expected condition failed: waiting for visibility of element located by By.xpath: //a/span[text()=&apos;All&apos;] (tried for 3 second(s) with 500 milliseconds interval)
Build info: version: &apos;4.38.0&apos;, revision: &apos;6b412e825c*&apos;
System info: os.name: &apos;Windows 11&apos;, os.arch: &apos;amd64&apos;, os.version: &apos;10.0&apos;, java.version: &apos;23&apos;
Driver info: org.openqa.selenium.chrome.ChromeDriver
Capabilities {acceptInsecureCerts: false, browserName: chrome, browserVersion: 143.0.7499.41, chrome: {chromedriverVersion: 143.0.7499.40 (c23ff452476d..., userDataDir: C:\Users\SUNILK~1\AppData\L...}, fedcm:accounts: true, goog:chromeOptions: {debuggerAddress: localhost:53833}, goog:processID: 19116, networkConnectionEnabled: false, pageLoadStrategy: normal, platformName: windows, proxy: Proxy(), se:cdp: ws://localhost:53833/devtoo..., se:cdpVersion: 143.0.7499.41, setWindowRect: true, strictFileInteractability: false, timeouts: {implicit: 0, pageLoad: 300000, script: 30000}, unhandledPromptBehavior: dismiss and notify, webauthn:extension:credBlob: true, webauthn:extension:largeBlob: true, webauthn:extension:minPinLength: true, webauthn:extension:prf: true, webauthn:virtualAuthenticators: true}
Session ID: 7d99eba276d14769173a313f628fde37
	at org.openqa.selenium.support.ui.WebDriverWait.timeoutException(WebDriverWait.java:84)
	at org.openqa.selenium.support.ui.FluentWait.until(FluentWait.java:228)
	at com.amazon.utilites.WaitUtilitie.explicitWaitForvisibilityOfElementLocated(WaitUtilitie.java:24)
	at com.amazon.pages.LoginPage.getAllText(LoginPage.java:76)
	at com.amazon.stepdefinitions.LoginSteps.i_should_be_logged_in_successfully(LoginSteps.java:51)
	at ✽.I should be logged in successfully(file:///C:/Users/sunilkumar06/BenchProject/AmazonProject/src/test/resources/features/login.feature:12)
</pre></div><a href='#' onClick='toggleBox("stack-trace1905758022", this, "Click to show all stack frames", "Click to hide stack frames")'>Click to show all stack frames</a>
<div class='stack-trace' id='stack-trace1905758022'><pre>org.openqa.selenium.TimeoutException: Expected condition failed: waiting for visibility of element located by By.xpath: //a/span[text()=&apos;All&apos;] (tried for 3 second(s) with 500 milliseconds interval)
Build info: version: &apos;4.38.0&apos;, revision: &apos;6b412e825c*&apos;
System info: os.name: &apos;Windows 11&apos;, os.arch: &apos;amd64&apos;, os.version: &apos;10.0&apos;, java.version: &apos;23&apos;
Driver info: org.openqa.selenium.chrome.ChromeDriver
Capabilities {acceptInsecureCerts: false, browserName: chrome, browserVersion: 143.0.7499.41, chrome: {chromedriverVersion: 143.0.7499.40 (c23ff452476d..., userDataDir: C:\Users\SUNILK~1\AppData\L...}, fedcm:accounts: true, goog:chromeOptions: {debuggerAddress: localhost:53833}, goog:processID: 19116, networkConnectionEnabled: false, pageLoadStrategy: normal, platformName: windows, proxy: Proxy(), se:cdp: ws://localhost:53833/devtoo..., se:cdpVersion: 143.0.7499.41, setWindowRect: true, strictFileInteractability: false, timeouts: {implicit: 0, pageLoad: 300000, script: 30000}, unhandledPromptBehavior: dismiss and notify, webauthn:extension:credBlob: true, webauthn:extension:largeBlob: true, webauthn:extension:minPinLength: true, webauthn:extension:prf: true, webauthn:virtualAuthenticators: true}
Session ID: 7d99eba276d14769173a313f628fde37
	at org.openqa.selenium.support.ui.WebDriverWait.timeoutException(WebDriverWait.java:84)
	at org.openqa.selenium.support.ui.FluentWait.until(FluentWait.java:228)
	at com.amazon.utilites.WaitUtilitie.explicitWaitForvisibilityOfElementLocated(WaitUtilitie.java:24)
	at com.amazon.pages.LoginPage.getAllText(LoginPage.java:76)
	at com.amazon.stepdefinitions.LoginSteps.i_should_be_logged_in_successfully(LoginSteps.java:51)
	at ✽.I should be logged in successfully(file:///C:/Users/sunilkumar06/BenchProject/AmazonProject/src/test/resources/features/login.feature:12)
</pre></div></td>
<td>20</td>
<td>com.amazon.runner.TestRunner@6e509ffa</td></tr>
</table><p>
<table width='100%' border='1' class='invocation-passed'>
<tr><td colspan='4' align='center'><b>PASSED TESTS</b></td></tr>
<tr><td><b>Test method</b></td>
<td><b>Attribute(s)</b></td>
<td width="30%"><b>Exception</b></td>
<td width="10%"><b>Time (seconds)</b></td>
<td><b>Instance</b></td>
</tr>
<tr>
<td title='com.amazon.runner.TestRunner.runScenario()'><b>runScenario</b><br>Test class: com.amazon.runner.TestRunner<br>Test method: Runs Cucumber Scenarios<br>Parameters: "Failed login with invalid credentials", "Amazon Login Functionality"</td>
<td></td>
<td>10</td>
<td>com.amazon.runner.TestRunner@6e509ffa</td></tr>
<tr>
<td title='com.amazon.runner.TestRunner.runScenario()'><b>runScenario</b><br>Test class: com.amazon.runner.TestRunner<br>Test method: Runs Cucumber Scenarios<br>Parameters: "Add to cart products", "Amazon Product add to cart Functionality"</td>
<td></td>
<td>17</td>
<td>com.amazon.runner.TestRunner@6e509ffa</td></tr>
<tr>
<td title='com.amazon.runner.TestRunner.runScenario()'><b>runScenario</b><br>Test class: com.amazon.runner.TestRunner<br>Test method: Runs Cucumber Scenarios<br>Parameters: "Search for different products", "Amazon Product Search Functionality"</td>
<td></td>
<td>10</td>
<td>com.amazon.runner.TestRunner@6e509ffa</td></tr>
</table><p>
</body>
</html>