<?xml version="1.0" encoding="UTF-8"?>
<!-- Generated by org.testng.reporters.JUnitReportReporter -->
<testsuite hostname="IN-PG04JLBA" failures="0" tests="4" name="com.amazon.runner.TestRunner" time="59.249" errors="1" timestamp="2025-12-10T17:49:22 IST" skipped="0">
  <testcase classname="com.amazon.runner.TestRunner" name="runScenario" time="20.489">
    <error message="Expected condition failed: waiting for visibility of element located by By.xpath: //a/span[text()=&#039;All&#039;] (tried for 3 second(s) with 500 milliseconds interval)
Build info: version: &#039;4.38.0&#039;, revision: &#039;6b412e825c*&#039;
System info: os.name: &#039;Windows 11&#039;, os.arch: &#039;amd64&#039;, os.version: &#039;10.0&#039;, java.version: &#039;23&#039;
Driver info: org.openqa.selenium.chrome.ChromeDriver
Capabilities {acceptInsecureCerts: false, browserName: chrome, browserVersion: 143.0.7499.41, chrome: {chromedriverVersion: 143.0.7499.40 (c23ff452476d..., userDataDir: C:\Users\SUNILK~1\AppData\L...}, fedcm:accounts: true, goog:chromeOptions: {debuggerAddress: localhost:53833}, goog:processID: 19116, networkConnectionEnabled: false, pageLoadStrategy: normal, platformName: windows, proxy: Proxy(), se:cdp: ws://localhost:53833/devtoo..., se:cdpVersion: 143.0.7499.41, setWindowRect: true, strictFileInteractability: false, timeouts: {implicit: 0, pageLoad: 300000, script: 30000}, unhandledPromptBehavior: dismiss and notify, webauthn:extension:credBlob: true, webauthn:extension:largeBlob: true, webauthn:extension:minPinLength: true, webauthn:extension:prf: true, webauthn:virtualAuthenticators: true}
Session ID: 7d99eba276d14769173a313f628fde37" type="org.openqa.selenium.TimeoutException">
      <![CDATA[org.openqa.selenium.TimeoutException: Expected condition failed: waiting for visibility of element located by By.xpath: //a/span[text()='All'] (tried for 3 second(s) with 500 milliseconds interval)
Build info: version: '4.38.0', revision: '6b412e825c*'
System info: os.name: 'Windows 11', os.arch: 'amd64', os.version: '10.0', java.version: '23'
Driver info: org.openqa.selenium.chrome.ChromeDriver
Capabilities {acceptInsecureCerts: false, browserName: chrome, browserVersion: 143.0.7499.41, chrome: {chromedriverVersion: 143.0.7499.40 (c23ff452476d..., userDataDir: C:\Users\SUNILK~1\AppData\L...}, fedcm:accounts: true, goog:chromeOptions: {debuggerAddress: localhost:53833}, goog:processID: 19116, networkConnectionEnabled: false, pageLoadStrategy: normal, platformName: windows, proxy: Proxy(), se:cdp: ws://localhost:53833/devtoo..., se:cdpVersion: 143.0.7499.41, setWindowRect: true, strictFileInteractability: false, timeouts: {implicit: 0, pageLoad: 300000, script: 30000}, unhandledPromptBehavior: dismiss and notify, webauthn:extension:credBlob: true, webauthn:extension:largeBlob: true, webauthn:extension:minPinLength: true, webauthn:extension:prf: true, webauthn:virtualAuthenticators: true}
Session ID: 7d99eba276d14769173a313f628fde37
at org.openqa.selenium.support.ui.WebDriverWait.timeoutException(WebDriverWait.java:84)
at org.openqa.selenium.support.ui.FluentWait.until(FluentWait.java:228)
at com.amazon.utilites.WaitUtilitie.explicitWaitForvisibilityOfElementLocated(WaitUtilitie.java:24)
at com.amazon.pages.LoginPage.getAllText(LoginPage.java:76)
at com.amazon.stepdefinitions.LoginSteps.i_should_be_logged_in_successfully(LoginSteps.java:51)
at âœ½.I should be logged in successfully(file:///C:/Users/sunilkumar06/BenchProject/AmazonProject/src/test/resources/features/login.feature:12)
]]>
    </error>
  </testcase> <!-- runScenario -->
  <testcase classname="com.amazon.runner.TestRunner" name="runScenario" time="10.735"/>
  <testcase classname="com.amazon.runner.TestRunner" name="runScenario" time="17.530"/>
  <testcase classname="com.amazon.runner.TestRunner" name="runScenario" time="10.495"/>
</testsuite> <!-- com.amazon.runner.TestRunner -->
